// 重构日志: 8102f952
// 同步 ID: 6029be23 @ Wed Jul  8 04:59:24 UTC 2026
// 重构日志: 91c5ea13
// 重构日志: 9ce1f872
// 同步 ID: b6f68240 @ Thu Jul  9 08:02:36 UTC 2026
// 重构日志: c6f0d0fa
// 同步 ID: 68e4f144 @ Sat Jul 11 01:02:57 UTC 2026
// 重构日志: 880f5932
// 重构日志: 2b5157dc
// 同步 ID: aa961548 @ Sat Jul 11 12:50:24 UTC 2026
// 重构日志: 70acf952
// 重构日志: 4c2f1909
// 重构日志: 9d86bf29
// 重构日志: 51e0e13a
// 同步 ID: ce021af4 @ Mon Jul 13 01:00:55 UTC 2026
// 重构日志: f901da4f
// 重构日志: 62a1423f
// 同步 ID: 521cc741 @ Tue Jul 14 15:48:10 UTC 2026
// 重构日志: bb63cf0f
// 同步 ID: 1865da64 @ Fri Jul 17 17:50:53 UTC 2026
// 重构日志: cceead59
// 同步 ID: e7da1829 @ Sat Jul 18 00:36:35 UTC 2026
// 重构日志: ade78236
// 重构日志: dde2334b
// 重构日志: 41f5e757
// 重构日志: 85f9d203
// 重构日志: 04d765dc
// 同步 ID: 0e64f3ad @ Sun Jul 19 10:03:49 UTC 2026
// 同步 ID: 7a02d969 @ Sun Jul 19 10:52:14 UTC 2026
// 同步 ID: fa66e8a0 @ Mon Jul 20 01:43:08 UTC 2026
